[debug] [2021-08-13T09:33:36.656Z] ----------------------------------------------------------------------
[debug] [2021-08-13T09:33:36.658Z] Command:       C:\Program Files\nodejs\node.exe C:\Users\ali\AppData\Roaming\npm\node_modules\firebase-tools\lib\bin\firebase.js init
[debug] [2021-08-13T09:33:36.659Z] CLI Version:   9.16.3
[debug] [2021-08-13T09:33:36.659Z] Platform:      win32
[debug] [2021-08-13T09:33:36.659Z] Node Version:  v14.17.5
[debug] [2021-08-13T09:33:36.660Z] Time:          Fri Aug 13 2021 12:33:36 GMT+0300 (GMT+03:00)
[debug] [2021-08-13T09:33:36.660Z] ----------------------------------------------------------------------
[debug] 
[debug] [2021-08-13T09:33:36.724Z] > command requires scopes: ["email","openid","https://www.googleapis.com/auth/cloudplatformprojects.readonly","https://www.googleapis.com/auth/firebase","https://www.googleapis.com/auth/cloud-platform"]
[debug] [2021-08-13T09:33:36.724Z] > authorizing via signed-in user (alsydm091@gmail.com)
[info] 
     ######## #### ########  ######## ########     ###     ######  ########
     ##        ##  ##     ## ##       ##     ##  ##   ##  ##       ##
     ######    ##  ########  ######   ########  #########  ######  ######
     ##        ##  ##    ##  ##       ##     ## ##     ##       ## ##
     ##       #### ##     ## ######## ########  ##     ##  ######  ########

You're about to initialize a Firebase project in this directory:

  C:\Users\ali\Desktop\Code-House

Before we get started, keep in mind:

  * You are initializing within an existing Firebase project directory

